[1101/102842.667:ERROR:child_thread_impl.cc(762)] Request for unknown Channel-associated interface: ui::mojom::GpuMain
[1101/102904.061:INFO:CONSOLE(398)] "Ready work.", source: http://osora.ru/scanner (398)
[1101/102904.065:INFO:CONSOLE(702)] "Run ready. Start.", source: http://osora.ru/scanner (702)
[1101/102904.246:INFO:CONSOLE(284)] "[object Object]", source: http://osora.ru/scanner (284)
[1101/102905.653:INFO:CONSOLE(316)] "Uncaught TypeError: Cannot read property 'forEach' of undefined", source: http://osora.ru/scanner (316)
[1101/103020.021:ERROR:child_thread_impl.cc(762)] Request for unknown Channel-associated interface: ui::mojom::GpuMain
[1101/103031.379:INFO:CONSOLE(398)] "Ready work.", source: http://osora.ru/scanner (398)
[1101/103031.387:INFO:CONSOLE(702)] "Run ready. Start.", source: http://osora.ru/scanner (702)
[1101/103032.502:INFO:CONSOLE(284)] "[object Object]", source: http://osora.ru/scanner (284)
[1101/103034.461:INFO:CONSOLE(316)] "Uncaught TypeError: Cannot read property 'forEach' of undefined", source: http://osora.ru/scanner (316)
[1101/104854.690:ERROR:child_thread_impl.cc(762)] Request for unknown Channel-associated interface: ui::mojom::GpuMain
[1101/104903.734:INFO:CONSOLE(394)] "Ready work.", source: http://osora.ru/scanner (394)
[1101/104903.736:INFO:CONSOLE(698)] "Run ready. Start.", source: http://osora.ru/scanner (698)
[1101/104904.122:INFO:CONSOLE(283)] "[object Object]", source: http://osora.ru/scanner (283)
[1101/104904.122:INFO:CONSOLE(312)] "Uncaught TypeError: Cannot read property 'forEach' of undefined", source: http://osora.ru/scanner (312)
[1101/104941.516:ERROR:child_thread_impl.cc(762)] Request for unknown Channel-associated interface: ui::mojom::GpuMain
[1101/104949.674:INFO:CONSOLE(394)] "Ready work.", source: http://osora.ru/scanner (394)
[1101/104949.676:INFO:CONSOLE(698)] "Run ready. Start.", source: http://osora.ru/scanner (698)
[1101/104950.769:INFO:CONSOLE(283)] "[object Object]", source: http://osora.ru/scanner (283)
[1101/104950.776:INFO:CONSOLE(312)] "Uncaught TypeError: Cannot read property 'forEach' of undefined", source: http://osora.ru/scanner (312)
[1101/105414.464:ERROR:child_thread_impl.cc(762)] Request for unknown Channel-associated interface: ui::mojom::GpuMain
[1101/105423.396:INFO:CONSOLE(394)] "Ready work.", source: http://osora.ru/scanner (394)
[1101/105423.400:INFO:CONSOLE(698)] "Run ready. Start.", source: http://osora.ru/scanner (698)
[1101/105424.570:INFO:CONSOLE(283)] "[object Object]", source: http://osora.ru/scanner (283)
[1101/105424.575:INFO:CONSOLE(312)] "Uncaught TypeError: Cannot read property 'forEach' of undefined", source: http://osora.ru/scanner (312)
[1101/105805.576:ERROR:child_thread_impl.cc(762)] Request for unknown Channel-associated interface: ui::mojom::GpuMain
[1101/105815.276:INFO:CONSOLE(394)] "Ready work.", source: http://osora.ru/scanner (394)
[1101/105815.279:INFO:CONSOLE(698)] "Run ready. Start.", source: http://osora.ru/scanner (698)
[1101/105815.478:INFO:CONSOLE(283)] "[object Object]", source: http://osora.ru/scanner (283)
[1101/105815.478:INFO:CONSOLE(312)] "Uncaught TypeError: Cannot read property 'forEach' of undefined", source: http://osora.ru/scanner (312)
[1101/105848.652:INFO:CONSOLE(283)] "[object Object]", source: http://osora.ru/scanner (283)
[1101/105848.676:INFO:CONSOLE(312)] "Uncaught TypeError: Cannot read property 'forEach' of undefined", source: http://osora.ru/scanner (312)
[1101/110216.923:ERROR:child_thread_impl.cc(762)] Request for unknown Channel-associated interface: ui::mojom::GpuMain
[1101/110225.778:INFO:CONSOLE(394)] "Ready work.", source: http://osora.ru/scanner (394)
[1101/110225.781:INFO:CONSOLE(698)] "Run ready. Start.", source: http://osora.ru/scanner (698)
[1101/110226.856:INFO:CONSOLE(283)] "[object Object]", source: http://osora.ru/scanner (283)
[1101/110226.859:INFO:CONSOLE(312)] "Uncaught TypeError: Cannot read property 'forEach' of undefined", source: http://osora.ru/scanner (312)
[1101/110251.845:INFO:CONSOLE(283)] "[object Object]", source: http://osora.ru/scanner (283)
[1101/110251.851:INFO:CONSOLE(312)] "Uncaught TypeError: Cannot read property 'forEach' of undefined", source: http://osora.ru/scanner (312)
[1101/110424.166:ERROR:child_thread_impl.cc(762)] Request for unknown Channel-associated interface: ui::mojom::GpuMain
[1101/110432.239:INFO:CONSOLE(394)] "Ready work.", source: http://osora.ru/scanner (394)
[1101/110432.241:INFO:CONSOLE(698)] "Run ready. Start.", source: http://osora.ru/scanner (698)
[1101/110433.323:INFO:CONSOLE(283)] "[object Object]", source: http://osora.ru/scanner (283)
[1101/110433.326:INFO:CONSOLE(312)] "Uncaught TypeError: Cannot read property 'forEach' of undefined", source: http://osora.ru/scanner (312)
[1101/110504.517:ERROR:child_thread_impl.cc(762)] Request for unknown Channel-associated interface: ui::mojom::GpuMain
[1101/110631.166:ERROR:child_thread_impl.cc(762)] Request for unknown Channel-associated interface: ui::mojom::GpuMain
[1101/110640.107:INFO:CONSOLE(394)] "Ready work.", source: http://osora.ru/scanner (394)
[1101/110640.110:INFO:CONSOLE(698)] "Run ready. Start.", source: http://osora.ru/scanner (698)
[1101/110641.219:INFO:CONSOLE(283)] "[object Object]", source: http://osora.ru/scanner (283)
[1101/110641.222:INFO:CONSOLE(312)] "Uncaught TypeError: Cannot read property 'forEach' of undefined", source: http://osora.ru/scanner (312)
[1101/110702.349:INFO:CONSOLE(536)] "Wed Nov 01 2017 11:07:02 GMT+0400 (RTZ 3 (зима))", source: http://osora.ru/scanner (536)
[1101/110728.466:INFO:CONSOLE(394)] "Ready work.", source: http://osora.ru/scanner (394)
[1101/110728.742:INFO:CONSOLE(698)] "Run ready. Start.", source: http://osora.ru/scanner (698)
[1101/110728.881:INFO:CONSOLE(283)] "[object Object]", source: http://osora.ru/scanner (283)
[1101/110728.911:INFO:CONSOLE(312)] "Uncaught TypeError: Cannot read property 'forEach' of undefined", source: http://osora.ru/scanner (312)
[1101/111858.307:ERROR:child_thread_impl.cc(762)] Request for unknown Channel-associated interface: ui::mojom::GpuMain
[1101/111922.084:ERROR:child_thread_impl.cc(762)] Request for unknown Channel-associated interface: ui::mojom::GpuMain
[1101/111955.890:ERROR:child_thread_impl.cc(762)] Request for unknown Channel-associated interface: ui::mojom::GpuMain
[1101/112024.915:INFO:CONSOLE(416)] "Ready work.", source: http://osora.ru/scanner (416)
[1101/112024.917:INFO:CONSOLE(720)] "Run ready. Start.", source: http://osora.ru/scanner (720)
[1101/112025.087:INFO:CONSOLE(286)] "[object Object]", source: http://osora.ru/scanner (286)
[1101/112025.092:INFO:CONSOLE(315)] "Uncaught TypeError: Cannot read property 'forEach' of undefined", source: http://osora.ru/scanner (315)
[1101/112053.405:INFO:CONSOLE(286)] "[object Object]", source: http://osora.ru/scanner (286)
[1101/112053.413:INFO:CONSOLE(315)] "Uncaught TypeError: Cannot read property 'forEach' of undefined", source: http://osora.ru/scanner (315)
[1101/112228.373:ERROR:child_thread_impl.cc(762)] Request for unknown Channel-associated interface: ui::mojom::GpuMain
[1101/112236.603:INFO:CONSOLE(418)] "Ready work.", source: http://osora.ru/scanner (418)
[1101/112236.605:INFO:CONSOLE(722)] "Run ready. Start.", source: http://osora.ru/scanner (722)
[1101/112243.456:INFO:CONSOLE(288)] "[object Object]", source: http://osora.ru/scanner (288)
[1101/112243.464:INFO:CONSOLE(317)] "Uncaught TypeError: Cannot read property 'forEach' of undefined", source: http://osora.ru/scanner (317)
[1101/112403.922:ERROR:child_thread_impl.cc(762)] Request for unknown Channel-associated interface: ui::mojom::GpuMain
[1101/112411.012:INFO:CONSOLE(416)] "Ready work.", source: http://osora.ru/scanner (416)
[1101/112411.014:INFO:CONSOLE(720)] "Run ready. Start.", source: http://osora.ru/scanner (720)
[1101/112420.233:INFO:CONSOLE(286)] "[object Object]", source: http://osora.ru/scanner (286)
[1101/112420.236:INFO:CONSOLE(315)] "Uncaught TypeError: Cannot read property 'forEach' of undefined", source: http://osora.ru/scanner (315)
[1101/112420.327:INFO:CONSOLE(404)] "[object Object]", source: http://osora.ru/scanner (404)
[1101/112438.320:INFO:CONSOLE(286)] "[object Object]", source: http://osora.ru/scanner (286)
[1101/112456.479:INFO:CONSOLE(1)] "Uncaught ReferenceError: SynchronizationSet is not defined", source: about:blank (1)
[1101/112515.462:ERROR:child_thread_impl.cc(762)] Request for unknown Channel-associated interface: ui::mojom::GpuMain
[1101/112537.115:ERROR:child_thread_impl.cc(762)] Request for unknown Channel-associated interface: ui::mojom::GpuMain
[1101/112558.979:ERROR:child_thread_impl.cc(762)] Request for unknown Channel-associated interface: ui::mojom::GpuMain
[1101/112617.592:ERROR:child_thread_impl.cc(762)] Request for unknown Channel-associated interface: ui::mojom::GpuMain
[1101/112644.715:INFO:CONSOLE(416)] "Ready work.", source: http://osora.ru/scanner (416)
[1101/112644.717:INFO:CONSOLE(720)] "Run ready. Start.", source: http://osora.ru/scanner (720)
[1101/112645.818:INFO:CONSOLE(286)] "[object Object]", source: http://osora.ru/scanner (286)
[1101/112655.936:INFO:CONSOLE(1)] "Uncaught ReferenceError: SynchronizationSet is not defined", source: about:blank (1)
[1101/112733.327:ERROR:child_thread_impl.cc(762)] Request for unknown Channel-associated interface: ui::mojom::GpuMain
[1101/112740.516:INFO:CONSOLE(416)] "Ready work.", source: http://osora.ru/scanner (416)
[1101/112740.522:INFO:CONSOLE(720)] "Run ready. Start.", source: http://osora.ru/scanner (720)
[1101/112741.663:INFO:CONSOLE(286)] "[object Object]", source: http://osora.ru/scanner (286)
[1101/112750.282:INFO:CONSOLE(1)] "Uncaught ReferenceError: SynchronizationSet is not defined", source: about:blank (1)
[1101/112821.133:ERROR:child_thread_impl.cc(762)] Request for unknown Channel-associated interface: ui::mojom::GpuMain
[1101/112829.722:INFO:CONSOLE(416)] "Ready work.", source: http://osora.ru/scanner (416)
[1101/112829.724:INFO:CONSOLE(720)] "Run ready. Start.", source: http://osora.ru/scanner (720)
[1101/112829.905:INFO:CONSOLE(286)] "[object Object]", source: http://osora.ru/scanner (286)
[1101/112834.545:INFO:CONSOLE(1)] "Uncaught ReferenceError: SynchronizationSet is not defined", source: about:blank (1)
[1101/113022.154:ERROR:child_thread_impl.cc(762)] Request for unknown Channel-associated interface: ui::mojom::GpuMain
[1101/113030.030:INFO:CONSOLE(416)] "Ready work.", source: http://osora.ru/scanner (416)
[1101/113030.034:INFO:CONSOLE(720)] "Run ready. Start.", source: http://osora.ru/scanner (720)
[1101/113031.151:INFO:CONSOLE(286)] "[object Object]", source: http://osora.ru/scanner (286)
[1101/113226.523:ERROR:child_thread_impl.cc(762)] Request for unknown Channel-associated interface: ui::mojom::GpuMain
[1101/113235.076:INFO:CONSOLE(417)] "Ready work.", source: http://osora.ru/scanner (417)
[1101/113235.078:INFO:CONSOLE(721)] "Run ready. Start.", source: http://osora.ru/scanner (721)
[1101/113236.171:INFO:CONSOLE(286)] "[object Object]", source: http://osora.ru/scanner (286)
[1101/113236.177:INFO:CONSOLE(358)] "Time work: 3", source: http://osora.ru/scanner (358)
[1101/113255.992:ERROR:child_thread_impl.cc(762)] Request for unknown Channel-associated interface: ui::mojom::GpuMain
[1101/113301.761:INFO:CONSOLE(417)] "Ready work.", source: http://osora.ru/scanner (417)
[1101/113301.764:INFO:CONSOLE(721)] "Run ready. Start.", source: http://osora.ru/scanner (721)
[1101/113302.865:INFO:CONSOLE(286)] "[object Object]", source: http://osora.ru/scanner (286)
[1101/113302.871:INFO:CONSOLE(358)] "Time work: 3мс", source: http://osora.ru/scanner (358)
[1101/113337.743:INFO:CONSOLE(286)] "[object Object]", source: http://osora.ru/scanner (286)
[1101/113337.755:INFO:CONSOLE(358)] "Time work: 6мс", source: http://osora.ru/scanner (358)
[1101/113408.131:INFO:CONSOLE(286)] "[object Object]", source: http://osora.ru/scanner (286)
[1101/113408.136:INFO:CONSOLE(358)] "Time work: 3мс", source: http://osora.ru/scanner (358)
[1101/113438.499:INFO:CONSOLE(286)] "[object Object]", source: http://osora.ru/scanner (286)
[1101/113438.504:INFO:CONSOLE(358)] "Time work: 4мс", source: http://osora.ru/scanner (358)
[1101/113508.857:INFO:CONSOLE(286)] "[object Object]", source: http://osora.ru/scanner (286)
[1101/113508.863:INFO:CONSOLE(358)] "Time work: 5мс", source: http://osora.ru/scanner (358)
[1101/113539.268:INFO:CONSOLE(286)] "[object Object]", source: http://osora.ru/scanner (286)
[1101/113539.276:INFO:CONSOLE(358)] "Time work: 6мс", source: http://osora.ru/scanner (358)
[1101/113609.636:INFO:CONSOLE(286)] "[object Object]", source: http://osora.ru/scanner (286)
[1101/113609.641:INFO:CONSOLE(358)] "Time work: 4мс", source: http://osora.ru/scanner (358)
[1102/091620.336:ERROR:child_thread_impl.cc(762)] Request for unknown Channel-associated interface: ui::mojom::GpuMain
[1102/091628.302:INFO:CONSOLE(417)] "Ready work.", source: http://osora.ru/scanner (417)
[1102/091628.304:INFO:CONSOLE(721)] "Run ready. Start.", source: http://osora.ru/scanner (721)
[1102/091633.180:INFO:CONSOLE(286)] "[object Object]", source: http://osora.ru/scanner (286)
[1102/091633.183:INFO:CONSOLE(315)] "Uncaught TypeError: Cannot read property 'forEach' of undefined", source: http://osora.ru/scanner (315)
[1102/091633.365:INFO:CONSOLE(405)] "[object Object]", source: http://osora.ru/scanner (405)
[1102/091710.600:ERROR:child_thread_impl.cc(762)] Request for unknown Channel-associated interface: ui::mojom::GpuMain
[1102/091715.610:INFO:CONSOLE(417)] "Ready work.", source: http://osora.ru/scanner (417)
[1102/091715.612:INFO:CONSOLE(721)] "Run ready. Start.", source: http://osora.ru/scanner (721)
[1102/091716.758:INFO:CONSOLE(286)] "[object Object]", source: http://osora.ru/scanner (286)
[1102/091716.768:INFO:CONSOLE(358)] "Time work: 6мс", source: http://osora.ru/scanner (358)
[1102/091751.278:INFO:CONSOLE(286)] "[object Object]", source: http://osora.ru/scanner (286)
[1102/091751.282:INFO:CONSOLE(358)] "Time work: 3мс", source: http://osora.ru/scanner (358)
[1102/091821.799:INFO:CONSOLE(286)] "[object Object]", source: http://osora.ru/scanner (286)
[1102/091821.804:INFO:CONSOLE(358)] "Time work: 4мс", source: http://osora.ru/scanner (358)
[1102/092156.141:ERROR:child_thread_impl.cc(762)] Request for unknown Channel-associated interface: ui::mojom::GpuMain
[1102/092202.466:INFO:CONSOLE(417)] "Ready work.", source: http://osora.ru/scanner (417)
[1102/092202.468:INFO:CONSOLE(721)] "Run ready. Start.", source: http://osora.ru/scanner (721)
[1102/092202.654:INFO:CONSOLE(286)] "[object Object]", source: http://osora.ru/scanner (286)
[1102/092202.655:INFO:CONSOLE(358)] "Time work: 5мс", source: http://osora.ru/scanner (358)
[1102/092237.122:INFO:CONSOLE(286)] "[object Object]", source: http://osora.ru/scanner (286)
[1102/092237.126:INFO:CONSOLE(358)] "Time work: 3мс", source: http://osora.ru/scanner (358)
[1102/094946.714:ERROR:child_thread_impl.cc(762)] Request for unknown Channel-associated interface: ui::mojom::GpuMain
[1102/094954.543:INFO:CONSOLE(417)] "Ready work.", source: http://osora.ru/scanner (417)
[1102/094954.548:INFO:CONSOLE(721)] "Run ready. Start.", source: http://osora.ru/scanner (721)
[1102/094954.798:INFO:CONSOLE(286)] "[object Object]", source: http://osora.ru/scanner (286)
[1102/094954.799:INFO:CONSOLE(358)] "Time work: 6мс", source: http://osora.ru/scanner (358)
[1102/095116.585:ERROR:child_thread_impl.cc(762)] Request for unknown Channel-associated interface: ui::mojom::GpuMain
[1102/095217.365:ERROR:child_thread_impl.cc(762)] Request for unknown Channel-associated interface: ui::mojom::GpuMain
[1102/095355.171:ERROR:child_thread_impl.cc(762)] Request for unknown Channel-associated interface: ui::mojom::GpuMain
[1102/095747.375:ERROR:child_thread_impl.cc(762)] Request for unknown Channel-associated interface: ui::mojom::GpuMain
[1102/095756.373:INFO:CONSOLE(417)] "Ready work.", source: http://osora.ru/scanner (417)
[1102/095756.375:INFO:CONSOLE(721)] "Run ready. Start.", source: http://osora.ru/scanner (721)
[1102/095757.495:INFO:CONSOLE(286)] "[object Object]", source: http://osora.ru/scanner (286)
[1102/095757.501:INFO:CONSOLE(358)] "Time work: 4мс", source: http://osora.ru/scanner (358)
[1102/105428.963:ERROR:child_thread_impl.cc(762)] Request for unknown Channel-associated interface: ui::mojom::GpuMain
[1102/165119.674:ERROR:child_thread_impl.cc(762)] Request for unknown Channel-associated interface: ui::mojom::GpuMain
[1102/165131.126:INFO:CONSOLE(417)] "Ready work.", source: http://osora.ru/scanner (417)
[1102/165131.127:INFO:CONSOLE(721)] "Run ready. Start.", source: http://osora.ru/scanner (721)
[1102/165131.574:INFO:CONSOLE(286)] "[object Object]", source: http://osora.ru/scanner (286)
[1102/165131.579:INFO:CONSOLE(315)] "Uncaught TypeError: Cannot read property 'forEach' of undefined", source: http://osora.ru/scanner (315)
[1102/165131.707:INFO:CONSOLE(405)] "[object Object]", source: http://osora.ru/scanner (405)
[1102/165149.430:ERROR:child_thread_impl.cc(762)] Request for unknown Channel-associated interface: ui::mojom::GpuMain
[1102/165154.689:INFO:CONSOLE(417)] "Ready work.", source: http://osora.ru/scanner (417)
[1102/165154.692:INFO:CONSOLE(721)] "Run ready. Start.", source: http://osora.ru/scanner (721)
[1102/165155.851:INFO:CONSOLE(286)] "[object Object]", source: http://osora.ru/scanner (286)
[1102/165155.856:INFO:CONSOLE(358)] "Time work: 2мс", source: http://osora.ru/scanner (358)
[1102/165253.563:ERROR:child_thread_impl.cc(762)] Request for unknown Channel-associated interface: ui::mojom::GpuMain
[1102/165259.397:INFO:CONSOLE(417)] "Ready work.", source: http://osora.ru/scanner (417)
[1102/165259.405:INFO:CONSOLE(721)] "Run ready. Start.", source: http://osora.ru/scanner (721)
[1102/165300.550:INFO:CONSOLE(286)] "[object Object]", source: http://osora.ru/scanner (286)
[1102/165300.555:INFO:CONSOLE(358)] "Time work: 4мс", source: http://osora.ru/scanner (358)
[1102/165333.620:ERROR:child_thread_impl.cc(762)] Request for unknown Channel-associated interface: ui::mojom::GpuMain
[1102/165339.326:INFO:CONSOLE(417)] "Ready work.", source: http://osora.ru/scanner (417)
[1102/165339.329:INFO:CONSOLE(721)] "Run ready. Start.", source: http://osora.ru/scanner (721)
[1102/165340.490:INFO:CONSOLE(286)] "[object Object]", source: http://osora.ru/scanner (286)
[1102/165340.495:INFO:CONSOLE(358)] "Time work: 3мс", source: http://osora.ru/scanner (358)
[1102/170217.646:ERROR:child_thread_impl.cc(762)] Request for unknown Channel-associated interface: ui::mojom::GpuMain
[1102/170224.141:INFO:CONSOLE(417)] "Ready work.", source: http://osora.ru/scanner (417)
[1102/170224.143:INFO:CONSOLE(721)] "Run ready. Start.", source: http://osora.ru/scanner (721)
[1102/170224.327:INFO:CONSOLE(286)] "[object Object]", source: http://osora.ru/scanner (286)
[1102/170224.328:INFO:CONSOLE(358)] "Time work: 5мс", source: http://osora.ru/scanner (358)
[1102/170434.799:ERROR:child_thread_impl.cc(762)] Request for unknown Channel-associated interface: ui::mojom::GpuMain
[1102/170440.227:INFO:CONSOLE(417)] "Ready work.", source: http://osora.ru/scanner (417)
[1102/170440.231:INFO:CONSOLE(721)] "Run ready. Start.", source: http://osora.ru/scanner (721)
[1102/170441.348:INFO:CONSOLE(286)] "[object Object]", source: http://osora.ru/scanner (286)
[1102/170441.353:INFO:CONSOLE(358)] "Time work: 3мс", source: http://osora.ru/scanner (358)
[1102/170615.596:INFO:CONSOLE(286)] "[object Object]", source: http://osora.ru/scanner (286)
[1102/170615.602:INFO:CONSOLE(358)] "Time work: 4мс", source: http://osora.ru/scanner (358)
[1102/171041.002:ERROR:child_thread_impl.cc(762)] Request for unknown Channel-associated interface: ui::mojom::GpuMain
[1102/171047.850:INFO:CONSOLE(417)] "Ready work.", source: http://osora.ru/scanner (417)
[1102/171047.855:INFO:CONSOLE(721)] "Run ready. Start.", source: http://osora.ru/scanner (721)
[1102/171048.104:INFO:CONSOLE(286)] "[object Object]", source: http://osora.ru/scanner (286)
[1102/171048.108:INFO:CONSOLE(358)] "Time work: 5мс", source: http://osora.ru/scanner (358)
[1102/171714.385:ERROR:child_thread_impl.cc(762)] Request for unknown Channel-associated interface: ui::mojom::GpuMain
[1102/171719.939:INFO:CONSOLE(417)] "Ready work.", source: http://osora.ru/scanner (417)
[1102/171719.942:INFO:CONSOLE(721)] "Run ready. Start.", source: http://osora.ru/scanner (721)
[1102/171721.046:INFO:CONSOLE(286)] "[object Object]", source: http://osora.ru/scanner (286)
[1102/171721.053:INFO:CONSOLE(358)] "Time work: 3мс", source: http://osora.ru/scanner (358)
[1102/171812.020:ERROR:child_thread_impl.cc(762)] Request for unknown Channel-associated interface: ui::mojom::GpuMain
[1102/171817.633:INFO:CONSOLE(417)] "Ready work.", source: http://osora.ru/scanner (417)
[1102/171817.635:INFO:CONSOLE(721)] "Run ready. Start.", source: http://osora.ru/scanner (721)
[1102/171822.767:INFO:CONSOLE(286)] "[object Object]", source: http://osora.ru/scanner (286)
[1102/171822.772:INFO:CONSOLE(358)] "Time work: 2мс", source: http://osora.ru/scanner (358)
[1102/172032.853:ERROR:child_thread_impl.cc(762)] Request for unknown Channel-associated interface: ui::mojom::GpuMain
[1102/172039.557:INFO:CONSOLE(417)] "Ready work.", source: http://osora.ru/scanner (417)
[1102/172039.559:INFO:CONSOLE(721)] "Run ready. Start.", source: http://osora.ru/scanner (721)
[1102/172039.742:INFO:CONSOLE(286)] "[object Object]", source: http://osora.ru/scanner (286)
[1102/172039.745:INFO:CONSOLE(358)] "Time work: 4мс", source: http://osora.ru/scanner (358)
[1102/172622.155:ERROR:child_thread_impl.cc(762)] Request for unknown Channel-associated interface: ui::mojom::GpuMain
[1102/172627.728:INFO:CONSOLE(417)] "Ready work.", source: http://osora.ru/scanner (417)
[1102/172627.731:INFO:CONSOLE(721)] "Run ready. Start.", source: http://osora.ru/scanner (721)
[1102/172628.862:INFO:CONSOLE(286)] "[object Object]", source: http://osora.ru/scanner (286)
[1102/172628.866:INFO:CONSOLE(358)] "Time work: 3мс", source: http://osora.ru/scanner (358)
[1102/172816.099:ERROR:child_thread_impl.cc(762)] Request for unknown Channel-associated interface: ui::mojom::GpuMain
[1102/172821.967:INFO:CONSOLE(417)] "Ready work.", source: http://osora.ru/scanner (417)
[1102/172821.969:INFO:CONSOLE(721)] "Run ready. Start.", source: http://osora.ru/scanner (721)
[1102/172823.059:INFO:CONSOLE(286)] "[object Object]", source: http://osora.ru/scanner (286)
[1102/172823.064:INFO:CONSOLE(358)] "Time work: 3мс", source: http://osora.ru/scanner (358)
[1102/172857.733:INFO:CONSOLE(286)] "[object Object]", source: http://osora.ru/scanner (286)
[1102/172857.737:INFO:CONSOLE(358)] "Time work: 4мс", source: http://osora.ru/scanner (358)
[1102/173122.200:ERROR:child_thread_impl.cc(762)] Request for unknown Channel-associated interface: ui::mojom::GpuMain
[1102/173129.282:INFO:CONSOLE(420)] "Ready work.", source: http://osora.ru/scanner (420)
[1102/173129.284:INFO:CONSOLE(724)] "Run ready. Start.", source: http://osora.ru/scanner (724)
[1102/173129.484:INFO:CONSOLE(286)] "[object Object]", source: http://osora.ru/scanner (286)
[1102/173129.484:INFO:CONSOLE(358)] "Time work: 4мс", source: http://osora.ru/scanner (358)
[1102/173204.967:INFO:CONSOLE(286)] "[object Object]", source: http://osora.ru/scanner (286)
[1102/173204.971:INFO:CONSOLE(358)] "Time work: 3мс", source: http://osora.ru/scanner (358)
[1102/173235.569:INFO:CONSOLE(286)] "[object Object]", source: http://osora.ru/scanner (286)
[1102/173235.576:INFO:CONSOLE(358)] "Time work: 6мс", source: http://osora.ru/scanner (358)
[1102/173306.185:INFO:CONSOLE(286)] "[object Object]", source: http://osora.ru/scanner (286)
[1102/173306.189:INFO:CONSOLE(358)] "Time work: 3мс", source: http://osora.ru/scanner (358)
[1102/173841.222:ERROR:child_thread_impl.cc(762)] Request for unknown Channel-associated interface: ui::mojom::GpuMain
[1102/173846.635:INFO:CONSOLE(420)] "Ready work.", source: http://osora.ru/scanner (420)
[1102/173846.637:INFO:CONSOLE(724)] "Run ready. Start.", source: http://osora.ru/scanner (724)
[1102/173847.723:INFO:CONSOLE(286)] "[object Object]", source: http://osora.ru/scanner (286)
[1102/173847.728:INFO:CONSOLE(358)] "Time work: 3мс", source: http://osora.ru/scanner (358)
[1102/175507.038:ERROR:child_thread_impl.cc(762)] Request for unknown Channel-associated interface: ui::mojom::GpuMain
[1102/175513.426:INFO:CONSOLE(420)] "Ready work.", source: http://osora.ru/scanner (420)
[1102/175513.428:INFO:CONSOLE(724)] "Run ready. Start.", source: http://osora.ru/scanner (724)
[1102/175513.590:INFO:CONSOLE(286)] "[object Object]", source: http://osora.ru/scanner (286)
[1102/175513.590:INFO:CONSOLE(358)] "Time work: 3мс", source: http://osora.ru/scanner (358)
[1102/175548.740:INFO:CONSOLE(286)] "[object Object]", source: http://osora.ru/scanner (286)
[1102/175548.746:INFO:CONSOLE(358)] "Time work: 4мс", source: http://osora.ru/scanner (358)
[1102/175632.183:INFO:CONSOLE(286)] "[object Object]", source: http://osora.ru/scanner (286)
[1102/175632.189:INFO:CONSOLE(358)] "Time work: 6мс", source: http://osora.ru/scanner (358)
[1102/175702.718:INFO:CONSOLE(286)] "[object Object]", source: http://osora.ru/scanner (286)
[1102/175702.722:INFO:CONSOLE(358)] "Time work: 3мс", source: http://osora.ru/scanner (358)
[1102/175753.428:INFO:CONSOLE(286)] "[object Object]", source: http://osora.ru/scanner (286)
[1102/175753.433:INFO:CONSOLE(358)] "Time work: 3мс", source: http://osora.ru/scanner (358)
[1102/175823.962:INFO:CONSOLE(286)] "[object Object]", source: http://osora.ru/scanner (286)
[1102/175823.966:INFO:CONSOLE(358)] "Time work: 3мс", source: http://osora.ru/scanner (358)
[1102/180309.077:ERROR:child_thread_impl.cc(762)] Request for unknown Channel-associated interface: ui::mojom::GpuMain
[1102/180316.431:INFO:CONSOLE(420)] "Ready work.", source: http://osora.ru/scanner (420)
[1102/180316.434:INFO:CONSOLE(724)] "Run ready. Start.", source: http://osora.ru/scanner (724)
[1102/180316.662:INFO:CONSOLE(286)] "[object Object]", source: http://osora.ru/scanner (286)
[1102/180316.662:INFO:CONSOLE(358)] "Time work: 4мс", source: http://osora.ru/scanner (358)
[1102/180352.856:INFO:CONSOLE(286)] "[object Object]", source: http://osora.ru/scanner (286)
[1102/180352.861:INFO:CONSOLE(358)] "Time work: 3мс", source: http://osora.ru/scanner (358)
[1102/180423.531:INFO:CONSOLE(286)] "[object Object]", source: http://osora.ru/scanner (286)
[1102/180423.536:INFO:CONSOLE(358)] "Time work: 5мс", source: http://osora.ru/scanner (358)
[1102/180454.334:INFO:CONSOLE(286)] "[object Object]", source: http://osora.ru/scanner (286)
[1102/180454.339:INFO:CONSOLE(358)] "Time work: 4мс", source: http://osora.ru/scanner (358)
[1102/180521.337:ERROR:child_thread_impl.cc(762)] Request for unknown Channel-associated interface: ui::mojom::GpuMain
[1102/180526.998:INFO:CONSOLE(420)] "Ready work.", source: http://osora.ru/scanner (420)
[1102/180527.002:INFO:CONSOLE(724)] "Run ready. Start.", source: http://osora.ru/scanner (724)
[1102/180528.122:INFO:CONSOLE(286)] "[object Object]", source: http://osora.ru/scanner (286)
[1102/180528.128:INFO:CONSOLE(358)] "Time work: 3мс", source: http://osora.ru/scanner (358)
[1102/180535.525:INFO:CONSOLE(562)] "Thu Nov 02 2017 18:05:35 GMT+0400 (RTZ 3 (зима))", source: http://osora.ru/scanner (562)
[1102/181134.688:ERROR:child_thread_impl.cc(762)] Request for unknown Channel-associated interface: ui::mojom::GpuMain
[1102/181141.371:INFO:CONSOLE(420)] "Ready work.", source: http://osora.ru/scanner (420)
[1102/181141.373:INFO:CONSOLE(724)] "Run ready. Start.", source: http://osora.ru/scanner (724)
[1102/181141.566:INFO:CONSOLE(286)] "[object Object]", source: http://osora.ru/scanner (286)
[1102/181141.566:INFO:CONSOLE(358)] "Time work: 3мс", source: http://osora.ru/scanner (358)
[1102/181215.926:INFO:CONSOLE(286)] "[object Object]", source: http://osora.ru/scanner (286)
[1102/181215.931:INFO:CONSOLE(358)] "Time work: 3мс", source: http://osora.ru/scanner (358)
[1102/181246.254:INFO:CONSOLE(286)] "[object Object]", source: http://osora.ru/scanner (286)
[1102/181246.258:INFO:CONSOLE(358)] "Time work: 4мс", source: http://osora.ru/scanner (358)
[1102/181252.294:INFO:CONSOLE(562)] "Thu Nov 02 2017 18:12:52 GMT+0400 (RTZ 3 (зима))", source: http://osora.ru/scanner (562)
[1102/181300.394:INFO:CONSOLE(286)] "[object Object]", source: http://osora.ru/scanner (286)
[1102/181300.401:INFO:CONSOLE(358)] "Time work: 5мс", source: http://osora.ru/scanner (358)
[1102/181343.319:ERROR:child_thread_impl.cc(762)] Request for unknown Channel-associated interface: ui::mojom::GpuMain
[1102/181349.287:INFO:CONSOLE(420)] "Ready work.", source: http://osora.ru/scanner (420)
[1102/181349.289:INFO:CONSOLE(724)] "Run ready. Start.", source: http://osora.ru/scanner (724)
[1102/181350.407:INFO:CONSOLE(286)] "[object Object]", source: http://osora.ru/scanner (286)
[1102/181350.412:INFO:CONSOLE(358)] "Time work: 4мс", source: http://osora.ru/scanner (358)
[1102/181402.084:INFO:CONSOLE(286)] "[object Object]", source: http://osora.ru/scanner (286)
[1102/181402.090:INFO:CONSOLE(358)] "Time work: 4мс", source: http://osora.ru/scanner (358)
[1102/181529.741:ERROR:child_thread_impl.cc(762)] Request for unknown Channel-associated interface: ui::mojom::GpuMain
[1102/181535.348:INFO:CONSOLE(420)] "Ready work.", source: http://osora.ru/scanner (420)
[1102/181535.350:INFO:CONSOLE(724)] "Run ready. Start.", source: http://osora.ru/scanner (724)
[1102/181536.470:INFO:CONSOLE(286)] "[object Object]", source: http://osora.ru/scanner (286)
[1102/181536.475:INFO:CONSOLE(358)] "Time work: 3мс", source: http://osora.ru/scanner (358)
[1103/095146.880:ERROR:child_thread_impl.cc(762)] Request for unknown Channel-associated interface: ui::mojom::GpuMain
[1103/095326.714:ERROR:child_thread_impl.cc(762)] Request for unknown Channel-associated interface: ui::mojom::GpuMain
[1103/095426.029:ERROR:child_thread_impl.cc(762)] Request for unknown Channel-associated interface: ui::mojom::GpuMain
[1103/095433.202:INFO:CONSOLE(420)] "Ready work.", source: http://osora.ru/scanner (420)
[1103/095433.204:INFO:CONSOLE(724)] "Run ready. Start.", source: http://osora.ru/scanner (724)
[1103/095433.700:INFO:CONSOLE(286)] "[object Object]", source: http://osora.ru/scanner (286)
[1103/095433.715:INFO:CONSOLE(315)] "Uncaught TypeError: Cannot read property 'forEach' of undefined", source: http://osora.ru/scanner (315)
[1103/095433.800:INFO:CONSOLE(407)] "[object Object]", source: http://osora.ru/scanner (407)
[1103/095457.370:ERROR:child_thread_impl.cc(762)] Request for unknown Channel-associated interface: ui::mojom::GpuMain
[1103/095502.414:INFO:CONSOLE(420)] "Ready work.", source: http://osora.ru/scanner (420)
[1103/095502.416:INFO:CONSOLE(724)] "Run ready. Start.", source: http://osora.ru/scanner (724)
[1103/095503.501:INFO:CONSOLE(286)] "[object Object]", source: http://osora.ru/scanner (286)
[1103/095503.508:INFO:CONSOLE(358)] "Time work: 4мс", source: http://osora.ru/scanner (358)
[1103/095537.361:INFO:CONSOLE(286)] "[object Object]", source: http://osora.ru/scanner (286)
[1103/095537.367:INFO:CONSOLE(358)] "Time work: 5мс", source: http://osora.ru/scanner (358)
[1103/095607.939:INFO:CONSOLE(286)] "[object Object]", source: http://osora.ru/scanner (286)
[1103/095607.943:INFO:CONSOLE(358)] "Time work: 4мс", source: http://osora.ru/scanner (358)
[1103/095638.208:INFO:CONSOLE(286)] "[object Object]", source: http://osora.ru/scanner (286)
[1103/095638.214:INFO:CONSOLE(358)] "Time work: 6мс", source: http://osora.ru/scanner (358)
[1103/095708.428:INFO:CONSOLE(286)] "[object Object]", source: http://osora.ru/scanner (286)
[1103/095708.437:INFO:CONSOLE(358)] "Time work: 8мс", source: http://osora.ru/scanner (358)
[1103/101516.392:ERROR:child_thread_impl.cc(762)] Request for unknown Channel-associated interface: ui::mojom::GpuMain
[1103/101523.124:INFO:CONSOLE(420)] "Ready work.", source: http://osora.ru/scanner (420)
[1103/101523.126:INFO:CONSOLE(724)] "Run ready. Start.", source: http://osora.ru/scanner (724)
[1103/101523.289:INFO:CONSOLE(286)] "[object Object]", source: http://osora.ru/scanner (286)
[1103/101523.289:INFO:CONSOLE(358)] "Time work: 4мс", source: http://osora.ru/scanner (358)
[1103/101653.325:ERROR:child_thread_impl.cc(762)] Request for unknown Channel-associated interface: ui::mojom::GpuMain
[1103/101659.715:INFO:CONSOLE(288)] "Ready work.", source: http://osora.ru/scanner (288)
[1103/101659.716:INFO:CONSOLE(310)] "Run ready. Start.", source: http://osora.ru/scanner (310)
[1103/101705.362:INFO:CONSOLE(1)] "Uncaught ReferenceError: ReceiveHistory is not defined", source: about:blank (1)
[1103/101722.486:ERROR:child_thread_impl.cc(762)] Request for unknown Channel-associated interface: ui::mojom::GpuMain
[1103/101812.568:INFO:CONSOLE(288)] "Ready work.", source: http://osora.ru/scanner (288)
[1103/101812.569:INFO:CONSOLE(310)] "Run ready. Start.", source: http://osora.ru/scanner (310)
[1103/101817.692:INFO:CONSOLE(1)] "Uncaught ReferenceError: ReceiveHistory is not defined", source: about:blank (1)
[1103/103224.037:ERROR:child_thread_impl.cc(762)] Request for unknown Channel-associated interface: ui::mojom::GpuMain
[1103/103237.889:INFO:CONSOLE(288)] "Ready work.", source: http://osora.ru/scanner (288)
[1103/103237.890:INFO:CONSOLE(310)] "Run ready. Start.", source: http://osora.ru/scanner (310)
[1103/103242.098:INFO:CONSOLE(1)] "Uncaught ReferenceError: ReceiveHistory is not defined", source: about:blank (1)
[1103/103504.812:ERROR:child_thread_impl.cc(762)] Request for unknown Channel-associated interface: ui::mojom::GpuMain
[1103/103511.405:INFO:CONSOLE(288)] "Ready work.", source: http://osora.ru/scanner (288)
[1103/103511.407:INFO:CONSOLE(310)] "Run ready. Start.", source: http://osora.ru/scanner (310)
[1103/103517.055:INFO:CONSOLE(1)] "Uncaught ReferenceError: ReceiveHistory is not defined", source: about:blank (1)
[1103/103610.587:ERROR:child_thread_impl.cc(762)] Request for unknown Channel-associated interface: ui::mojom::GpuMain
[1103/103616.209:INFO:CONSOLE(288)] "Ready work.", source: http://osora.ru/scanner (288)
[1103/103616.210:INFO:CONSOLE(310)] "Run ready. Start.", source: http://osora.ru/scanner (310)
[1103/103621.170:INFO:CONSOLE(1)] "Uncaught ReferenceError: ReceiveHistory is not defined", source: about:blank (1)
[1103/103705.237:INFO:CONSOLE(1)] "Uncaught ReferenceError: ReceiveHistory is not defined", source: about:blank (1)
[1103/103737.277:INFO:CONSOLE(1)] "Uncaught ReferenceError: ReceiveHistory is not defined", source: about:blank (1)
[1103/103744.165:INFO:CONSOLE(299)] "Uncaught TypeError: viewModel.openAction is not a function", source: http://osora.ru/scanner (299)
[1103/103749.564:INFO:CONSOLE(299)] "Uncaught TypeError: viewModel.openAction is not a function", source: http://osora.ru/scanner (299)
[1103/103803.517:ERROR:child_thread_impl.cc(762)] Request for unknown Channel-associated interface: ui::mojom::GpuMain
[1103/103808.694:INFO:CONSOLE(288)] "Ready work.", source: http://osora.ru/scanner (288)
[1103/103808.695:INFO:CONSOLE(310)] "Run ready. Start.", source: http://osora.ru/scanner (310)
[1103/103814.456:INFO:CONSOLE(1)] "Uncaught ReferenceError: ReceiveHistory is not defined", source: about:blank (1)
[1103/103844.703:INFO:CONSOLE(1)] "Uncaught ReferenceError: ReceiveHistory is not defined", source: about:blank (1)
[1103/103854.450:INFO:CONSOLE(299)] "Uncaught TypeError: viewModel.openAction is not a function", source: http://osora.ru/scanner (299)
[1103/103859.597:INFO:CONSOLE(306)] "Uncaught TypeError: viewModel.ignoreAction is not a function", source: http://osora.ru/scanner (306)
[1103/103944.911:INFO:CONSOLE(1)] "Uncaught ReferenceError: ReceiveHistory is not defined", source: about:blank (1)
[1103/104015.079:INFO:CONSOLE(1)] "Uncaught ReferenceError: ReceiveHistory is not defined", source: about:blank (1)
[1103/104020.558:INFO:CONSOLE(299)] "Uncaught TypeError: viewModel.openAction is not a function", source: http://osora.ru/scanner (299)
[1103/104120.194:ERROR:child_thread_impl.cc(762)] Request for unknown Channel-associated interface: ui::mojom::GpuMain
[1103/104126.619:INFO:CONSOLE(288)] "Ready work.", source: http://osora.ru/scanner (288)
[1103/104126.619:INFO:CONSOLE(310)] "Run ready. Start.", source: http://osora.ru/scanner (310)
[1103/104218.390:ERROR:child_thread_impl.cc(762)] Request for unknown Channel-associated interface: ui::mojom::GpuMain
[1103/104223.864:INFO:CONSOLE(288)] "Ready work.", source: http://osora.ru/scanner (288)
[1103/104223.864:INFO:CONSOLE(310)] "Run ready. Start.", source: http://osora.ru/scanner (310)
[1103/104231.373:INFO:CONSOLE(1)] "Uncaught ReferenceError: ReceiveHistory is not defined", source: about:blank (1)
[1103/104237.799:INFO:CONSOLE(299)] "Uncaught TypeError: viewModel.openAction is not a function", source: http://osora.ru/scanner (299)
[1103/104240.308:INFO:CONSOLE(299)] "Uncaught TypeError: viewModel.openAction is not a function", source: http://osora.ru/scanner (299)
[1103/104245.669:INFO:CONSOLE(299)] "Uncaught TypeError: viewModel.openAction is not a function", source: http://osora.ru/scanner (299)
[1103/104250.511:INFO:CONSOLE(299)] "Uncaught TypeError: viewModel.openAction is not a function", source: http://osora.ru/scanner (299)
[1103/104323.553:ERROR:child_thread_impl.cc(762)] Request for unknown Channel-associated interface: ui::mojom::GpuMain
[1103/104328.904:INFO:CONSOLE(420)] "Ready work.", source: http://osora.ru/scanner (420)
[1103/104328.906:INFO:CONSOLE(724)] "Run ready. Start.", source: http://osora.ru/scanner (724)
[1103/104330.021:INFO:CONSOLE(286)] "[object Object]", source: http://osora.ru/scanner (286)
[1103/104330.026:INFO:CONSOLE(358)] "Time work: 3мс", source: http://osora.ru/scanner (358)
[1103/104406.136:ERROR:child_thread_impl.cc(762)] Request for unknown Channel-associated interface: ui::mojom::GpuMain
[1103/104411.633:INFO:CONSOLE(420)] "Ready work.", source: http://osora.ru/scanner (420)
[1103/104411.638:INFO:CONSOLE(724)] "Run ready. Start.", source: http://osora.ru/scanner (724)
[1103/104412.746:INFO:CONSOLE(286)] "[object Object]", source: http://osora.ru/scanner (286)
[1103/104412.755:INFO:CONSOLE(358)] "Time work: 5мс", source: http://osora.ru/scanner (358)
[1103/104424.449:ERROR:child_thread_impl.cc(762)] Request for unknown Channel-associated interface: ui::mojom::GpuMain
[1103/104429.716:INFO:CONSOLE(288)] "Ready work.", source: http://osora.ru/scanner (288)
[1103/104429.717:INFO:CONSOLE(310)] "Run ready. Start.", source: http://osora.ru/scanner (310)
[1103/104434.902:INFO:CONSOLE(1)] "Uncaught ReferenceError: ReceiveHistory is not defined", source: about:blank (1)
[1103/104444.310:INFO:CONSOLE(299)] "Uncaught TypeError: viewModel.openAction is not a function", source: http://osora.ru/scanner (299)
[1103/104450.263:INFO:CONSOLE(299)] "Uncaught TypeError: viewModel.openAction is not a function", source: http://osora.ru/scanner (299)
[1103/104455.597:INFO:CONSOLE(299)] "Uncaught TypeError: viewModel.openAction is not a function", source: http://osora.ru/scanner (299)
[1103/124307.025:ERROR:child_thread_impl.cc(762)] Request for unknown Channel-associated interface: ui::mojom::GpuMain
[1103/124319.558:INFO:CONSOLE(420)] "Ready work.", source: http://osora.ru/scanner (420)
[1103/124319.560:INFO:CONSOLE(724)] "Run ready. Start.", source: http://osora.ru/scanner (724)
[1103/124319.713:INFO:CONSOLE(286)] "[object Object]", source: http://osora.ru/scanner (286)
[1103/124319.729:INFO:CONSOLE(358)] "Time work: 4мс", source: http://osora.ru/scanner (358)
[1103/124333.648:INFO:CONSOLE(562)] "Fri Nov 03 2017 12:43:33 GMT+0400 (RTZ 3 (зима))", source: http://osora.ru/scanner (562)
[1103/160035.394:ERROR:child_thread_impl.cc(762)] Request for unknown Channel-associated interface: ui::mojom::GpuMain
[1103/160042.473:INFO:CONSOLE(420)] "Ready work.", source: http://osora.ru/scanner (420)
[1103/160042.474:INFO:CONSOLE(724)] "Run ready. Start.", source: http://osora.ru/scanner (724)
[1103/160042.953:INFO:CONSOLE(286)] "[object Object]", source: http://osora.ru/scanner (286)
[1103/160042.967:INFO:CONSOLE(315)] "Uncaught TypeError: Cannot read property 'forEach' of undefined", source: http://osora.ru/scanner (315)
[1103/160043.048:INFO:CONSOLE(407)] "[object Object]", source: http://osora.ru/scanner (407)
[1103/160352.515:ERROR:child_thread_impl.cc(762)] Request for unknown Channel-associated interface: ui::mojom::GpuMain
[1103/160359.377:INFO:CONSOLE(420)] "Ready work.", source: http://osora.ru/scanner (420)
[1103/160359.379:INFO:CONSOLE(724)] "Run ready. Start.", source: http://osora.ru/scanner (724)
[1103/160359.906:INFO:CONSOLE(286)] "[object Object]", source: http://osora.ru/scanner (286)
[1103/160359.910:INFO:CONSOLE(315)] "Uncaught TypeError: Cannot read property 'forEach' of undefined", source: http://osora.ru/scanner (315)
[1103/160359.980:INFO:CONSOLE(407)] "[object Object]", source: http://osora.ru/scanner (407)
[1103/160434.928:INFO:CONSOLE(1)] "Uncaught ReferenceError: ReceiveHistory is not defined", source: about:blank (1)
