[1101/102842.667:ERROR:child_thread_impl.cc(762)] Request for unknown Channel-associated interface: ui::mojom::GpuMain
[1101/102904.061:INFO:CONSOLE(398)] "Ready work.", source: http://osora.ru/scanner (398)
[1101/102904.065:INFO:CONSOLE(702)] "Run ready. Start.", source: http://osora.ru/scanner (702)
[1101/102904.246:INFO:CONSOLE(284)] "[object Object]", source: http://osora.ru/scanner (284)
[1101/102905.653:INFO:CONSOLE(316)] "Uncaught TypeError: Cannot read property 'forEach' of undefined", source: http://osora.ru/scanner (316)
[1101/103020.021:ERROR:child_thread_impl.cc(762)] Request for unknown Channel-associated interface: ui::mojom::GpuMain
[1101/103031.379:INFO:CONSOLE(398)] "Ready work.", source: http://osora.ru/scanner (398)
[1101/103031.387:INFO:CONSOLE(702)] "Run ready. Start.", source: http://osora.ru/scanner (702)
[1101/103032.502:INFO:CONSOLE(284)] "[object Object]", source: http://osora.ru/scanner (284)
[1101/103034.461:INFO:CONSOLE(316)] "Uncaught TypeError: Cannot read property 'forEach' of undefined", source: http://osora.ru/scanner (316)
[1101/104854.690:ERROR:child_thread_impl.cc(762)] Request for unknown Channel-associated interface: ui::mojom::GpuMain
[1101/104903.734:INFO:CONSOLE(394)] "Ready work.", source: http://osora.ru/scanner (394)
[1101/104903.736:INFO:CONSOLE(698)] "Run ready. Start.", source: http://osora.ru/scanner (698)
[1101/104904.122:INFO:CONSOLE(283)] "[object Object]", source: http://osora.ru/scanner (283)
[1101/104904.122:INFO:CONSOLE(312)] "Uncaught TypeError: Cannot read property 'forEach' of undefined", source: http://osora.ru/scanner (312)
[1101/104941.516:ERROR:child_thread_impl.cc(762)] Request for unknown Channel-associated interface: ui::mojom::GpuMain
[1101/104949.674:INFO:CONSOLE(394)] "Ready work.", source: http://osora.ru/scanner (394)
[1101/104949.676:INFO:CONSOLE(698)] "Run ready. Start.", source: http://osora.ru/scanner (698)
[1101/104950.769:INFO:CONSOLE(283)] "[object Object]", source: http://osora.ru/scanner (283)
[1101/104950.776:INFO:CONSOLE(312)] "Uncaught TypeError: Cannot read property 'forEach' of undefined", source: http://osora.ru/scanner (312)
[1101/105414.464:ERROR:child_thread_impl.cc(762)] Request for unknown Channel-associated interface: ui::mojom::GpuMain
[1101/105423.396:INFO:CONSOLE(394)] "Ready work.", source: http://osora.ru/scanner (394)
[1101/105423.400:INFO:CONSOLE(698)] "Run ready. Start.", source: http://osora.ru/scanner (698)
[1101/105424.570:INFO:CONSOLE(283)] "[object Object]", source: http://osora.ru/scanner (283)
[1101/105424.575:INFO:CONSOLE(312)] "Uncaught TypeError: Cannot read property 'forEach' of undefined", source: http://osora.ru/scanner (312)
